Release 14.7 Map P.20131013 (nt64)
Xilinx Mapping Report File for Design 'Pong'

Design Information
------------------
Command Line   : map -intstyle ise -p xc6slx16-csg324-3 -w -logic_opt off -ol
high -t 1 -xt 0 -register_duplication off -r 4 -global_opt off -mt off -ir off
-pr off -lc off -power off -o Pong_map.ncd Pong.ngd Pong.pcf 
Target Device  : xc6slx16
Target Package : csg324
Target Speed   : -3
Mapper Version : spartan6 -- $Revision: 1.55 $
Mapped Date    : Sat May 05 16:05:06 2018

Design Summary
--------------
Number of errors   :   3
Number of warnings :   0

Section 1 - Errors
------------------
ERROR:MapLib:30 - LOC constraint M15 on kb_data is invalid: No such site on the
   device. To bypass this error set the environment variable 'XIL_MAP_LOCWARN'.
ERROR:MapLib:30 - LOC constraint R9 on hsync_out.PAD is invalid: No such site on
   the device. To bypass this error set the environment variable
   'XIL_MAP_LOCWARN'.
ERROR:MapLib:30 - LOC constraint R12 on red_out.PAD is invalid: No such site on
   the device. To bypass this error set the environment variable
   'XIL_MAP_LOCWARN'.

Section 2 - Warnings
--------------------

Section 3 - Informational
-------------------------
INFO:MapLib:562 - No environment variables are currently set.

Section 4 - Removed Logic Summary
---------------------------------

Section 5 - Removed Logic
-------------------------
